# Activity Log

## Run Summary
- 2026-01-19 13:44:06 | run=20260119-133824-4835 | iter=2 | mode=build | story=US-004 | duration=211s | status=success
- 2026-01-19 13:40:33 | run=20260119-133824-4835 | iter=1 | mode=build | story=US-003 | duration=129s | status=success
- 2026-01-19 13:27:38 | run=20260119-132543-96758 | iter=1 | mode=build | story=US-001 | duration=115s | status=success

## Events

[2026-01-19 13:13:20] ITERATION 1 start (mode=build story=US-001)
[2026-01-19 13:25:43] ITERATION 1 start (mode=build story=US-001)
[2026-01-19 13:27:38] ITERATION 1 end (duration=115s)
[2026-01-19 13:27:40] ITERATION 2 start (mode=build story=US-002)
Activity log:
[2026-01-19 13:27:57] US-002: Starting work on base layout with dark mode toggle
[2026-01-19 13:31:35] US-002: Implemented base layout with dark mode toggle - all tests pass
[2026-01-19 13:32:16] US-002: Complete - committed 2aee66c
[2026-01-19 13:34:04] ITERATION 1 start (mode=build story=US-002)
2026-01-19 13:34:20 Starting US-002: Base layout with dark mode toggle
2026-01-19 13:36:44 Browser tests passed: dark mode toggle, persistence, and defaults
2026-01-19 13:37:26 US-002 verification complete, commit b2a6987
[2026-01-19 13:38:24] ITERATION 1 start (mode=build story=US-003)
[2026-01-19 13:40:18] US-003: Completed todos store with LocalStorage persistence - commit b9c39ba
[2026-01-19 13:40:33] ITERATION 1 end (duration=129s)
[2026-01-19 13:40:35] ITERATION 2 start (mode=build story=US-004)
2026-01-19 13:40:52 - US-004: Starting work on Todo input component
2026-01-19 13:43:48 - US-004: Completed - commit 63f55f5, all verification passed
[2026-01-19 13:44:06] ITERATION 2 end (duration=211s)
[2026-01-19 13:44:08] ITERATION 3 start (mode=build story=US-005)
[2026-01-19 13:51:48] ITERATION 1 start (mode=build story=US-005)
2026-01-19 13:52:03 US-005: Starting work on Active todo list display
2026-01-19 13:54:22 US-005: Verification complete, all acceptance criteria pass
2026-01-19 13:54:41 US-005: Committed verification progress, story complete
[2026-01-19 13:55:17] ITERATION 1 start (mode=build story=US-006)
[2026-01-19 13:55:32] Starting work on US-006: Complete todo interaction with animation
[2026-01-19 13:58:13] After major code changes and browser verification for US-006
